-------------------------------------------------------------------------------
Test set: TestSuite
-------------------------------------------------------------------------------
Tests run: 2, Failures: 1, Errors: 0, Skipped: 0, Time elapsed: 2.618 s <<< FAILURE! - in TestSuite
loginTest(com.herokuapp.theinternet.PositiveTests)  Time elapsed: 0.233 s  <<< FAILURE!
java.lang.IllegalStateException: The driver executable does not exist: C:\Users\ferar\workspace\New folder\selenium-for-beginners\src\main\resources\chromedriver.exe
	at com.herokuapp.theinternet.PositiveTests.loginTest(PositiveTests.java:14)

